2020-06-06 16:56:25.500  INFO 7088 --- [main] c.m.f.controllers.CityControllerTest     : Starting CityControllerTest on ubuntu with PID 7088 (started by miro in /home/miro/IdeaProjects/flight-advisor)
2020-06-06 16:56:25.535 DEBUG 7088 --- [main] c.m.f.controllers.CityControllerTest     : Running with Spring Boot v2.3.0.RELEASE, Spring v5.2.6.RELEASE
2020-06-06 16:56:25.536  INFO 7088 --- [main] c.m.f.controllers.CityControllerTest     : No active profile set, falling back to default profiles: default
2020-06-06 16:56:26.901  INFO 7088 --- [main] .s.d.r.c.RepositoryConfigurationDelegate : Bootstrapping Spring Data JPA repositories in DEFERRED mode.
2020-06-06 16:56:27.099  INFO 7088 --- [main] .s.d.r.c.RepositoryConfigurationDelegate : Finished Spring Data repository scanning in 187ms. Found 6 JPA repository interfaces.
2020-06-06 16:56:27.709  INFO 7088 --- [main] trationDelegate$BeanPostProcessorChecker : Bean 'org.springframework.security.access.expression.method.DefaultMethodSecurityExpressionHandler@3e28fee1' of type [org.springframework.security.access.expression.method.DefaultMethodSecurityExpressionHandler] is not eligible for getting processed by all BeanPostProcessors (for example: not eligible for auto-proxying)
2020-06-06 16:56:27.721  INFO 7088 --- [main] trationDelegate$BeanPostProcessorChecker : Bean 'methodSecurityMetadataSource' of type [org.springframework.security.access.method.DelegatingMethodSecurityMetadataSource] is not eligible for getting processed by all BeanPostProcessors (for example: not eligible for auto-proxying)
2020-06-06 16:56:28.108  INFO 7088 --- [main] o.s.b.w.embedded.tomcat.TomcatWebServer  : Tomcat initialized with port(s): 0 (http)
2020-06-06 16:56:28.118  INFO 7088 --- [main] o.apache.catalina.core.StandardService   : Starting service [Tomcat]
2020-06-06 16:56:28.118  INFO 7088 --- [main] org.apache.catalina.core.StandardEngine  : Starting Servlet engine: [Apache Tomcat/9.0.35]
2020-06-06 16:56:28.204  INFO 7088 --- [main] o.a.c.c.C.[Tomcat].[localhost].[/]       : Initializing Spring embedded WebApplicationContext
2020-06-06 16:56:28.205  INFO 7088 --- [main] o.s.web.context.ContextLoader            : Root WebApplicationContext: initialization completed in 2646 ms
2020-06-06 16:56:28.426  INFO 7088 --- [main] com.zaxxer.hikari.HikariDataSource       : HikariPool-1 - Starting...
2020-06-06 16:56:28.669  INFO 7088 --- [main] com.zaxxer.hikari.HikariDataSource       : HikariPool-1 - Start completed.
2020-06-06 16:56:28.676  INFO 7088 --- [main] o.s.b.a.h2.H2ConsoleAutoConfiguration    : H2 console available at '/h2-console'. Database available at 'jdbc:h2:mem:testdb'
2020-06-06 16:56:28.961  INFO 7088 --- [main] o.hibernate.jpa.internal.util.LogHelper  : HHH000204: Processing PersistenceUnitInfo [name: default]
2020-06-06 16:56:29.029  INFO 7088 --- [main] org.hibernate.Version                    : HHH000412: Hibernate ORM core version 5.4.15.Final
2020-06-06 16:56:29.213  INFO 7088 --- [main] o.hibernate.annotations.common.Version   : HCANN000001: Hibernate Commons Annotations {5.1.0.Final}
2020-06-06 16:56:29.334  INFO 7088 --- [main] org.hibernate.dialect.Dialect            : HHH000400: Using dialect: org.hibernate.dialect.H2Dialect
2020-06-06 16:56:30.424  INFO 7088 --- [main] o.h.e.t.j.p.i.JtaPlatformInitiator       : HHH000490: Using JtaPlatform implementation: [org.hibernate.engine.transaction.jta.platform.internal.NoJtaPlatform]
2020-06-06 16:56:30.430  INFO 7088 --- [main] j.LocalContainerEntityManagerFactoryBean : Initialized JPA EntityManagerFactory for persistence unit 'default'
2020-06-06 16:56:30.502  WARN 7088 --- [main] JpaBaseConfiguration$JpaWebConfiguration : spring.jpa.open-in-view is enabled by default. Therefore, database queries may be performed during view rendering. Explicitly configure spring.jpa.open-in-view to disable this warning
2020-06-06 16:56:31.456  INFO 7088 --- [main] o.s.b.a.e.web.EndpointLinksResolver      : Exposing 2 endpoint(s) beneath base path '/actuator'
2020-06-06 16:56:31.699  INFO 7088 --- [main] o.s.s.web.DefaultSecurityFilterChain     : Creating filter chain: Ant [pattern='/swagger-resources/**'], []
2020-06-06 16:56:31.699  INFO 7088 --- [main] o.s.s.web.DefaultSecurityFilterChain     : Creating filter chain: Ant [pattern='/swagger-ui.html'], []
2020-06-06 16:56:31.699  INFO 7088 --- [main] o.s.s.web.DefaultSecurityFilterChain     : Creating filter chain: Ant [pattern='/v2/api-docs'], []
2020-06-06 16:56:31.699  INFO 7088 --- [main] o.s.s.web.DefaultSecurityFilterChain     : Creating filter chain: Ant [pattern='/webjars/**'], []
2020-06-06 16:56:31.777  INFO 7088 --- [main] o.s.s.web.DefaultSecurityFilterChain     : Creating filter chain: any request, [org.springframework.security.web.context.request.async.WebAsyncManagerIntegrationFilter@354e2bff, org.springframework.security.web.context.SecurityContextPersistenceFilter@11a7840f, org.springframework.security.web.header.HeaderWriterFilter@720c0996, org.springframework.security.web.authentication.logout.LogoutFilter@5b028f58, com.miro.userstory.security.services.JwtTokenFilter@232b3b4c, org.springframework.security.web.savedrequest.RequestCacheAwareFilter@4f5c757c, org.springframework.security.web.servletapi.SecurityContextHolderAwareRequestFilter@3c8e4a82, org.springframework.security.web.authentication.AnonymousAuthenticationFilter@261609a7, org.springframework.security.web.session.SessionManagementFilter@7f9e6167, org.springframework.security.web.access.ExceptionTranslationFilter@18a38bba, org.springframework.security.web.access.intercept.FilterSecurityInterceptor@729c8def]
2020-06-06 16:56:31.845  INFO 7088 --- [main] pertySourcedRequestMappingHandlerMapping : Mapped URL path [/v2/api-docs] onto method [springfox.documentation.swagger2.web.Swagger2Controller#getDocumentation(String, HttpServletRequest)]
2020-06-06 16:56:31.870  INFO 7088 --- [main] o.s.s.concurrent.ThreadPoolTaskExecutor  : Initializing ExecutorService
2020-06-06 16:56:31.880  INFO 7088 --- [main] o.s.s.concurrent.ThreadPoolTaskExecutor  : Initializing ExecutorService 'importExecutor'
2020-06-06 16:56:32.512  INFO 7088 --- [main] o.s.b.w.embedded.tomcat.TomcatWebServer  : Tomcat started on port(s): 44683 (http) with context path ''
2020-06-06 16:56:32.513  INFO 7088 --- [main] d.s.w.p.DocumentationPluginsBootstrapper : Context refreshed
2020-06-06 16:56:32.530  INFO 7088 --- [main] d.s.w.p.DocumentationPluginsBootstrapper : Found 1 custom documentation plugin(s)
2020-06-06 16:56:32.570  INFO 7088 --- [main] s.d.s.w.s.ApiListingReferenceScanner     : Scanning for api listing references
2020-06-06 16:56:32.759  INFO 7088 --- [main] .d.s.w.r.o.CachingOperationNameGenerator : Generating unique operation named: handleUsingGET_1
2020-06-06 16:56:32.761  INFO 7088 --- [main] .d.s.w.r.o.CachingOperationNameGenerator : Generating unique operation named: handleUsingGET_2
2020-06-06 16:56:32.796  INFO 7088 --- [main] DeferredRepositoryInitializationListener : Triggering deferred initialization of Spring Data repositories…
2020-06-06 16:56:33.116  INFO 7088 --- [main] DeferredRepositoryInitializationListener : Spring Data repositories initialized!
2020-06-06 16:56:33.128  INFO 7088 --- [main] c.m.f.controllers.CityControllerTest     : Started CityControllerTest in 7.926 seconds (JVM running for 9.432)
2020-06-06 16:56:33.428  INFO 7088 --- [http-nio-auto-1-exec-1] o.a.c.c.C.[Tomcat].[localhost].[/]       : Initializing Spring DispatcherServlet 'dispatcherServlet'
2020-06-06 16:56:33.428  INFO 7088 --- [http-nio-auto-1-exec-1] o.s.web.servlet.DispatcherServlet        : Initializing Servlet 'dispatcherServlet'
2020-06-06 16:56:33.454  INFO 7088 --- [http-nio-auto-1-exec-1] o.s.web.servlet.DispatcherServlet        : Completed initialization in 26 ms
2020-06-06 16:56:33.475  INFO 7088 --- [http-nio-auto-1-exec-1] c.m.f.security.services.JwtTokenFilter   : Process request to check for a JSON Web Token 
2020-06-06 16:56:33.571  INFO 7088 --- [http-nio-auto-1-exec-1] c.m.f.security.services.UserService      : New user attempting to sign in
2020-06-06 16:56:33.988  INFO 7088 --- [http-nio-auto-1-exec-2] c.m.f.security.services.JwtTokenFilter   : Process request to check for a JSON Web Token 
2020-06-06 16:56:33.994  INFO 7088 --- [http-nio-auto-1-exec-2] c.m.f.security.services.UserService      : New user attempting to sign in
2020-06-06 16:56:34.626  INFO 7088 --- [http-nio-auto-1-exec-3] c.m.f.security.services.JwtTokenFilter   : Process request to check for a JSON Web Token 
2020-06-06 16:56:34.746  INFO 7088 --- [SpringContextShutdownHook] o.s.s.concurrent.ThreadPoolTaskExecutor  : Shutting down ExecutorService 'importExecutor'
2020-06-06 16:56:34.752  INFO 7088 --- [SpringContextShutdownHook] j.LocalContainerEntityManagerFactoryBean : Closing JPA EntityManagerFactory for persistence unit 'default'
2020-06-06 16:56:34.752  INFO 7088 --- [SpringContextShutdownHook] .SchemaDropperImpl$DelayedDropActionImpl : HHH000477: Starting delayed evictData of schema as part of SessionFactory shut-down'
2020-06-06 16:56:34.754  WARN 7088 --- [SpringContextShutdownHook] o.h.engine.jdbc.spi.SqlExceptionHelper   : SQL Error: 90121, SQLState: 90121
2020-06-06 16:56:34.754 ERROR 7088 --- [SpringContextShutdownHook] o.h.engine.jdbc.spi.SqlExceptionHelper   : Database is already closed (to disable automatic closing at VM shutdown, add ";DB_CLOSE_ON_EXIT=FALSE" to the db URL) [90121-200]
2020-06-06 16:56:34.755  WARN 7088 --- [SpringContextShutdownHook] o.h.engine.jdbc.spi.SqlExceptionHelper   : SQL Error: 90121, SQLState: 90121
2020-06-06 16:56:34.755 ERROR 7088 --- [SpringContextShutdownHook] o.h.engine.jdbc.spi.SqlExceptionHelper   : Database is already closed (to disable automatic closing at VM shutdown, add ";DB_CLOSE_ON_EXIT=FALSE" to the db URL) [90121-200]
2020-06-06 16:56:34.755  WARN 7088 --- [SpringContextShutdownHook] o.s.b.f.support.DisposableBeanAdapter    : Invocation of destroy method failed on bean with name 'entityManagerFactory': org.hibernate.exception.JDBCConnectionException: Unable to release JDBC Connection used for DDL execution
2020-06-06 16:56:34.756  INFO 7088 --- [SpringContextShutdownHook] com.zaxxer.hikari.HikariDataSource       : HikariPool-1 - Shutdown initiated...
2020-06-06 16:56:34.761  INFO 7088 --- [SpringContextShutdownHook] com.zaxxer.hikari.HikariDataSource       : HikariPool-1 - Shutdown completed.
2020-06-06 16:56:47.334  INFO 7516 --- [main] c.m.f.FlightAdvisorServiceApplication    : Starting FlightAdvisorServiceApplication on ubuntu with PID 7516 (/home/miro/IdeaProjects/flight-advisor/target/classes started by miro in /home/miro/IdeaProjects/flight-advisor)
2020-06-06 16:56:47.336 DEBUG 7516 --- [main] c.m.f.FlightAdvisorServiceApplication    : Running with Spring Boot v2.3.0.RELEASE, Spring v5.2.6.RELEASE
2020-06-06 16:56:47.337  INFO 7516 --- [main] c.m.f.FlightAdvisorServiceApplication    : No active profile set, falling back to default profiles: default
2020-06-06 16:56:48.460  INFO 7516 --- [main] .s.d.r.c.RepositoryConfigurationDelegate : Bootstrapping Spring Data JPA repositories in DEFERRED mode.
2020-06-06 16:56:48.513  INFO 7516 --- [main] .s.d.r.c.RepositoryConfigurationDelegate : Finished Spring Data repository scanning in 47ms. Found 6 JPA repository interfaces.
2020-06-06 16:56:48.769  INFO 7516 --- [main] trationDelegate$BeanPostProcessorChecker : Bean 'org.springframework.security.access.expression.method.DefaultMethodSecurityExpressionHandler@587a1cfb' of type [org.springframework.security.access.expression.method.DefaultMethodSecurityExpressionHandler] is not eligible for getting processed by all BeanPostProcessors (for example: not eligible for auto-proxying)
2020-06-06 16:56:48.772  INFO 7516 --- [main] trationDelegate$BeanPostProcessorChecker : Bean 'methodSecurityMetadataSource' of type [org.springframework.security.access.method.DelegatingMethodSecurityMetadataSource] is not eligible for getting processed by all BeanPostProcessors (for example: not eligible for auto-proxying)
2020-06-06 16:56:48.953  INFO 7516 --- [main] o.s.b.w.embedded.tomcat.TomcatWebServer  : Tomcat initialized with port(s): 8080 (http)
2020-06-06 16:56:48.959  INFO 7516 --- [main] o.apache.catalina.core.StandardService   : Starting service [Tomcat]
2020-06-06 16:56:48.960  INFO 7516 --- [main] org.apache.catalina.core.StandardEngine  : Starting Servlet engine: [Apache Tomcat/9.0.35]
2020-06-06 16:56:49.041  INFO 7516 --- [main] o.a.c.c.C.[Tomcat].[localhost].[/]       : Initializing Spring embedded WebApplicationContext
2020-06-06 16:56:49.042  INFO 7516 --- [main] o.s.web.context.ContextLoader            : Root WebApplicationContext: initialization completed in 1661 ms
2020-06-06 16:56:49.206  INFO 7516 --- [main] com.zaxxer.hikari.HikariDataSource       : HikariPool-1 - Starting...
2020-06-06 16:56:49.283  INFO 7516 --- [main] com.zaxxer.hikari.HikariDataSource       : HikariPool-1 - Start completed.
2020-06-06 16:56:49.288  INFO 7516 --- [main] o.s.b.a.h2.H2ConsoleAutoConfiguration    : H2 console available at '/h2-console'. Database available at 'jdbc:h2:mem:testdb'
2020-06-06 16:56:49.431  INFO 7516 --- [main] o.hibernate.jpa.internal.util.LogHelper  : HHH000204: Processing PersistenceUnitInfo [name: default]
2020-06-06 16:56:49.458  INFO 7516 --- [main] org.hibernate.Version                    : HHH000412: Hibernate ORM core version 5.4.15.Final
2020-06-06 16:56:49.531  INFO 7516 --- [main] o.hibernate.annotations.common.Version   : HCANN000001: Hibernate Commons Annotations {5.1.0.Final}
2020-06-06 16:56:49.595  INFO 7516 --- [main] org.hibernate.dialect.Dialect            : HHH000400: Using dialect: org.hibernate.dialect.H2Dialect
2020-06-06 16:56:50.078  INFO 7516 --- [main] o.h.e.t.j.p.i.JtaPlatformInitiator       : HHH000490: Using JtaPlatform implementation: [org.hibernate.engine.transaction.jta.platform.internal.NoJtaPlatform]
2020-06-06 16:56:50.082  INFO 7516 --- [main] j.LocalContainerEntityManagerFactoryBean : Initialized JPA EntityManagerFactory for persistence unit 'default'
2020-06-06 16:56:50.153  WARN 7516 --- [main] JpaBaseConfiguration$JpaWebConfiguration : spring.jpa.open-in-view is enabled by default. Therefore, database queries may be performed during view rendering. Explicitly configure spring.jpa.open-in-view to disable this warning
2020-06-06 16:56:50.704  INFO 7516 --- [main] o.s.b.a.e.web.EndpointLinksResolver      : Exposing 2 endpoint(s) beneath base path '/actuator'
2020-06-06 16:56:50.794  INFO 7516 --- [main] o.s.s.web.DefaultSecurityFilterChain     : Creating filter chain: Ant [pattern='/swagger-resources/**'], []
2020-06-06 16:56:50.794  INFO 7516 --- [main] o.s.s.web.DefaultSecurityFilterChain     : Creating filter chain: Ant [pattern='/swagger-ui.html'], []
2020-06-06 16:56:50.794  INFO 7516 --- [main] o.s.s.web.DefaultSecurityFilterChain     : Creating filter chain: Ant [pattern='/v2/api-docs'], []
2020-06-06 16:56:50.794  INFO 7516 --- [main] o.s.s.web.DefaultSecurityFilterChain     : Creating filter chain: Ant [pattern='/webjars/**'], []
2020-06-06 16:56:50.819  INFO 7516 --- [main] o.s.s.web.DefaultSecurityFilterChain     : Creating filter chain: any request, [org.springframework.security.web.context.request.async.WebAsyncManagerIntegrationFilter@c677d7e, org.springframework.security.web.context.SecurityContextPersistenceFilter@7323c38c, org.springframework.security.web.header.HeaderWriterFilter@75aa7703, org.springframework.security.web.authentication.logout.LogoutFilter@4888425d, com.miro.userstory.security.services.JwtTokenFilter@215a0264, org.springframework.security.web.savedrequest.RequestCacheAwareFilter@63a72cc6, org.springframework.security.web.servletapi.SecurityContextHolderAwareRequestFilter@16e4db59, org.springframework.security.web.authentication.AnonymousAuthenticationFilter@45832b85, org.springframework.security.web.session.SessionManagementFilter@54737322, org.springframework.security.web.access.ExceptionTranslationFilter@7e9a836, org.springframework.security.web.access.intercept.FilterSecurityInterceptor@3a3bc0da]
2020-06-06 16:56:50.836  INFO 7516 --- [main] pertySourcedRequestMappingHandlerMapping : Mapped URL path [/v2/api-docs] onto method [springfox.documentation.swagger2.web.Swagger2Controller#getDocumentation(String, HttpServletRequest)]
2020-06-06 16:56:50.851  INFO 7516 --- [main] o.s.s.concurrent.ThreadPoolTaskExecutor  : Initializing ExecutorService
2020-06-06 16:56:50.851  INFO 7516 --- [main] o.s.s.concurrent.ThreadPoolTaskExecutor  : Initializing ExecutorService 'importExecutor'
2020-06-06 16:56:51.339  INFO 7516 --- [main] o.s.b.w.embedded.tomcat.TomcatWebServer  : Tomcat started on port(s): 8080 (http) with context path ''
2020-06-06 16:56:51.340  INFO 7516 --- [main] d.s.w.p.DocumentationPluginsBootstrapper : Context refreshed
2020-06-06 16:56:51.349  INFO 7516 --- [main] d.s.w.p.DocumentationPluginsBootstrapper : Found 1 custom documentation plugin(s)
2020-06-06 16:56:51.379  INFO 7516 --- [main] s.d.s.w.s.ApiListingReferenceScanner     : Scanning for api listing references
2020-06-06 16:56:51.506  INFO 7516 --- [main] .d.s.w.r.o.CachingOperationNameGenerator : Generating unique operation named: handleUsingGET_1
2020-06-06 16:56:51.507  INFO 7516 --- [main] .d.s.w.r.o.CachingOperationNameGenerator : Generating unique operation named: handleUsingGET_2
2020-06-06 16:56:51.525  INFO 7516 --- [main] DeferredRepositoryInitializationListener : Triggering deferred initialization of Spring Data repositories…
2020-06-06 16:56:51.738  INFO 7516 --- [main] DeferredRepositoryInitializationListener : Spring Data repositories initialized!
2020-06-06 16:56:51.749  INFO 7516 --- [main] c.m.f.FlightAdvisorServiceApplication    : Started FlightAdvisorServiceApplication in 4.702 seconds (JVM running for 5.298)
2020-06-06 16:56:52.359  INFO 7516 --- [RMI TCP Connection(1)-127.0.0.1] o.a.c.c.C.[Tomcat].[localhost].[/]       : Initializing Spring DispatcherServlet 'dispatcherServlet'
2020-06-06 16:56:52.359  INFO 7516 --- [RMI TCP Connection(1)-127.0.0.1] o.s.web.servlet.DispatcherServlet        : Initializing Servlet 'dispatcherServlet'
2020-06-06 16:56:52.367  INFO 7516 --- [RMI TCP Connection(1)-127.0.0.1] o.s.web.servlet.DispatcherServlet        : Completed initialization in 8 ms
2020-06-06 17:00:56.374  INFO 7516 --- [SpringContextShutdownHook] o.s.s.concurrent.ThreadPoolTaskExecutor  : Shutting down ExecutorService 'importExecutor'
2020-06-06 17:00:56.378  INFO 7516 --- [SpringContextShutdownHook] j.LocalContainerEntityManagerFactoryBean : Closing JPA EntityManagerFactory for persistence unit 'default'
2020-06-06 17:00:56.378  INFO 7516 --- [SpringContextShutdownHook] .SchemaDropperImpl$DelayedDropActionImpl : HHH000477: Starting delayed evictData of schema as part of SessionFactory shut-down'
2020-06-06 17:00:56.385  INFO 7516 --- [SpringContextShutdownHook] com.zaxxer.hikari.HikariDataSource       : HikariPool-1 - Shutdown initiated...
2020-06-06 17:00:56.387  INFO 7516 --- [SpringContextShutdownHook] com.zaxxer.hikari.HikariDataSource       : HikariPool-1 - Shutdown completed.
2020-06-06 17:01:01.362  INFO 8269 --- [main] c.m.f.FlightAdvisorServiceApplication    : Starting FlightAdvisorServiceApplication on ubuntu with PID 8269 (/home/miro/IdeaProjects/flight-advisor/target/classes started by miro in /home/miro/IdeaProjects/flight-advisor)
2020-06-06 17:01:01.368 DEBUG 8269 --- [main] c.m.f.FlightAdvisorServiceApplication    : Running with Spring Boot v2.3.0.RELEASE, Spring v5.2.6.RELEASE
2020-06-06 17:01:01.369  INFO 8269 --- [main] c.m.f.FlightAdvisorServiceApplication    : No active profile set, falling back to default profiles: default
2020-06-06 17:01:02.473  INFO 8269 --- [main] .s.d.r.c.RepositoryConfigurationDelegate : Bootstrapping Spring Data JPA repositories in DEFERRED mode.
2020-06-06 17:01:02.535  INFO 8269 --- [main] .s.d.r.c.RepositoryConfigurationDelegate : Finished Spring Data repository scanning in 56ms. Found 6 JPA repository interfaces.
2020-06-06 17:01:02.820  INFO 8269 --- [main] trationDelegate$BeanPostProcessorChecker : Bean 'org.springframework.security.access.expression.method.DefaultMethodSecurityExpressionHandler@6a094db2' of type [org.springframework.security.access.expression.method.DefaultMethodSecurityExpressionHandler] is not eligible for getting processed by all BeanPostProcessors (for example: not eligible for auto-proxying)
2020-06-06 17:01:02.822  INFO 8269 --- [main] trationDelegate$BeanPostProcessorChecker : Bean 'methodSecurityMetadataSource' of type [org.springframework.security.access.method.DelegatingMethodSecurityMetadataSource] is not eligible for getting processed by all BeanPostProcessors (for example: not eligible for auto-proxying)
2020-06-06 17:01:02.985  INFO 8269 --- [main] o.s.b.w.embedded.tomcat.TomcatWebServer  : Tomcat initialized with port(s): 8080 (http)
2020-06-06 17:01:02.990  INFO 8269 --- [main] o.apache.catalina.core.StandardService   : Starting service [Tomcat]
2020-06-06 17:01:02.991  INFO 8269 --- [main] org.apache.catalina.core.StandardEngine  : Starting Servlet engine: [Apache Tomcat/9.0.35]
2020-06-06 17:01:03.042  INFO 8269 --- [main] o.a.c.c.C.[Tomcat].[localhost].[/]       : Initializing Spring embedded WebApplicationContext
2020-06-06 17:01:03.043  INFO 8269 --- [main] o.s.web.context.ContextLoader            : Root WebApplicationContext: initialization completed in 1594 ms
2020-06-06 17:01:03.205  INFO 8269 --- [main] com.zaxxer.hikari.HikariDataSource       : HikariPool-1 - Starting...
2020-06-06 17:01:03.275  INFO 8269 --- [main] com.zaxxer.hikari.HikariDataSource       : HikariPool-1 - Start completed.
2020-06-06 17:01:03.279  INFO 8269 --- [main] o.s.b.a.h2.H2ConsoleAutoConfiguration    : H2 console available at '/h2-console'. Database available at 'jdbc:h2:mem:testdb'
2020-06-06 17:01:03.406  INFO 8269 --- [main] o.hibernate.jpa.internal.util.LogHelper  : HHH000204: Processing PersistenceUnitInfo [name: default]
2020-06-06 17:01:03.431  INFO 8269 --- [main] org.hibernate.Version                    : HHH000412: Hibernate ORM core version 5.4.15.Final
2020-06-06 17:01:03.495  INFO 8269 --- [main] o.hibernate.annotations.common.Version   : HCANN000001: Hibernate Commons Annotations {5.1.0.Final}
2020-06-06 17:01:03.558  INFO 8269 --- [main] org.hibernate.dialect.Dialect            : HHH000400: Using dialect: org.hibernate.dialect.H2Dialect
2020-06-06 17:01:04.027  INFO 8269 --- [main] o.h.e.t.j.p.i.JtaPlatformInitiator       : HHH000490: Using JtaPlatform implementation: [org.hibernate.engine.transaction.jta.platform.internal.NoJtaPlatform]
2020-06-06 17:01:04.031  INFO 8269 --- [main] j.LocalContainerEntityManagerFactoryBean : Initialized JPA EntityManagerFactory for persistence unit 'default'
2020-06-06 17:01:04.092  WARN 8269 --- [main] JpaBaseConfiguration$JpaWebConfiguration : spring.jpa.open-in-view is enabled by default. Therefore, database queries may be performed during view rendering. Explicitly configure spring.jpa.open-in-view to disable this warning
2020-06-06 17:01:04.634  INFO 8269 --- [main] o.s.b.a.e.web.EndpointLinksResolver      : Exposing 2 endpoint(s) beneath base path '/actuator'
2020-06-06 17:01:04.727  INFO 8269 --- [main] o.s.s.web.DefaultSecurityFilterChain     : Creating filter chain: Ant [pattern='/swagger-resources/**'], []
2020-06-06 17:01:04.727  INFO 8269 --- [main] o.s.s.web.DefaultSecurityFilterChain     : Creating filter chain: Ant [pattern='/swagger-ui.html'], []
2020-06-06 17:01:04.727  INFO 8269 --- [main] o.s.s.web.DefaultSecurityFilterChain     : Creating filter chain: Ant [pattern='/v2/api-docs'], []
2020-06-06 17:01:04.727  INFO 8269 --- [main] o.s.s.web.DefaultSecurityFilterChain     : Creating filter chain: Ant [pattern='/webjars/**'], []
2020-06-06 17:01:04.755  INFO 8269 --- [main] o.s.s.web.DefaultSecurityFilterChain     : Creating filter chain: any request, [org.springframework.security.web.context.request.async.WebAsyncManagerIntegrationFilter@22ff11ef, org.springframework.security.web.context.SecurityContextPersistenceFilter@5a63fa71, org.springframework.security.web.header.HeaderWriterFilter@5e360c3b, org.springframework.security.web.authentication.logout.LogoutFilter@16e4db59, com.miro.userstory.security.services.JwtTokenFilter@7c5ac0, org.springframework.security.web.savedrequest.RequestCacheAwareFilter@5018b56b, org.springframework.security.web.servletapi.SecurityContextHolderAwareRequestFilter@79777da7, org.springframework.security.web.authentication.AnonymousAuthenticationFilter@23d978b, org.springframework.security.web.session.SessionManagementFilter@4ebd8d2, org.springframework.security.web.access.ExceptionTranslationFilter@1791e231, org.springframework.security.web.access.intercept.FilterSecurityInterceptor@8315e4a]
2020-06-06 17:01:04.773  INFO 8269 --- [main] pertySourcedRequestMappingHandlerMapping : Mapped URL path [/v2/api-docs] onto method [springfox.documentation.swagger2.web.Swagger2Controller#getDocumentation(String, HttpServletRequest)]
2020-06-06 17:01:04.789  INFO 8269 --- [main] o.s.s.concurrent.ThreadPoolTaskExecutor  : Initializing ExecutorService
2020-06-06 17:01:04.789  INFO 8269 --- [main] o.s.s.concurrent.ThreadPoolTaskExecutor  : Initializing ExecutorService 'importExecutor'
2020-06-06 17:01:05.257  INFO 8269 --- [main] o.s.b.w.embedded.tomcat.TomcatWebServer  : Tomcat started on port(s): 8080 (http) with context path ''
2020-06-06 17:01:05.258  INFO 8269 --- [main] d.s.w.p.DocumentationPluginsBootstrapper : Context refreshed
2020-06-06 17:01:05.273  INFO 8269 --- [main] d.s.w.p.DocumentationPluginsBootstrapper : Found 1 custom documentation plugin(s)
2020-06-06 17:01:05.302  INFO 8269 --- [main] s.d.s.w.s.ApiListingReferenceScanner     : Scanning for api listing references
2020-06-06 17:01:05.428  INFO 8269 --- [main] .d.s.w.r.o.CachingOperationNameGenerator : Generating unique operation named: handleUsingGET_1
2020-06-06 17:01:05.429  INFO 8269 --- [main] .d.s.w.r.o.CachingOperationNameGenerator : Generating unique operation named: handleUsingGET_2
2020-06-06 17:01:05.446  INFO 8269 --- [main] DeferredRepositoryInitializationListener : Triggering deferred initialization of Spring Data repositories…
2020-06-06 17:01:05.648  INFO 8269 --- [main] DeferredRepositoryInitializationListener : Spring Data repositories initialized!
2020-06-06 17:01:05.657  INFO 8269 --- [main] c.m.f.FlightAdvisorServiceApplication    : Started FlightAdvisorServiceApplication in 4.772 seconds (JVM running for 5.402)
2020-06-06 17:01:05.811  INFO 8269 --- [RMI TCP Connection(1)-127.0.0.1] o.a.c.c.C.[Tomcat].[localhost].[/]       : Initializing Spring DispatcherServlet 'dispatcherServlet'
2020-06-06 17:01:05.812  INFO 8269 --- [RMI TCP Connection(1)-127.0.0.1] o.s.web.servlet.DispatcherServlet        : Initializing Servlet 'dispatcherServlet'
2020-06-06 17:01:05.820  INFO 8269 --- [RMI TCP Connection(1)-127.0.0.1] o.s.web.servlet.DispatcherServlet        : Completed initialization in 8 ms
2020-06-06 17:01:21.137  INFO 8269 --- [SpringContextShutdownHook] o.s.s.concurrent.ThreadPoolTaskExecutor  : Shutting down ExecutorService 'importExecutor'
2020-06-06 17:01:21.140  INFO 8269 --- [SpringContextShutdownHook] j.LocalContainerEntityManagerFactoryBean : Closing JPA EntityManagerFactory for persistence unit 'default'
2020-06-06 17:01:21.141  INFO 8269 --- [SpringContextShutdownHook] .SchemaDropperImpl$DelayedDropActionImpl : HHH000477: Starting delayed evictData of schema as part of SessionFactory shut-down'
2020-06-06 17:01:21.146  INFO 8269 --- [SpringContextShutdownHook] com.zaxxer.hikari.HikariDataSource       : HikariPool-1 - Shutdown initiated...
2020-06-06 17:01:21.149  INFO 8269 --- [SpringContextShutdownHook] com.zaxxer.hikari.HikariDataSource       : HikariPool-1 - Shutdown completed.
2020-06-06 17:01:23.753  INFO 8780 --- [main] c.m.f.FlightAdvisorServiceApplication    : Starting FlightAdvisorServiceApplication on ubuntu with PID 8780 (/home/miro/IdeaProjects/flight-advisor/target/classes started by miro in /home/miro/IdeaProjects/flight-advisor)
2020-06-06 17:01:23.756 DEBUG 8780 --- [main] c.m.f.FlightAdvisorServiceApplication    : Running with Spring Boot v2.3.0.RELEASE, Spring v5.2.6.RELEASE
2020-06-06 17:01:23.757  INFO 8780 --- [main] c.m.f.FlightAdvisorServiceApplication    : No active profile set, falling back to default profiles: default
2020-06-06 17:01:24.756  INFO 8780 --- [main] .s.d.r.c.RepositoryConfigurationDelegate : Bootstrapping Spring Data JPA repositories in DEFERRED mode.
2020-06-06 17:01:24.810  INFO 8780 --- [main] .s.d.r.c.RepositoryConfigurationDelegate : Finished Spring Data repository scanning in 48ms. Found 6 JPA repository interfaces.
2020-06-06 17:01:25.033  INFO 8780 --- [main] trationDelegate$BeanPostProcessorChecker : Bean 'org.springframework.security.access.expression.method.DefaultMethodSecurityExpressionHandler@7899de11' of type [org.springframework.security.access.expression.method.DefaultMethodSecurityExpressionHandler] is not eligible for getting processed by all BeanPostProcessors (for example: not eligible for auto-proxying)
2020-06-06 17:01:25.037  INFO 8780 --- [main] trationDelegate$BeanPostProcessorChecker : Bean 'methodSecurityMetadataSource' of type [org.springframework.security.access.method.DelegatingMethodSecurityMetadataSource] is not eligible for getting processed by all BeanPostProcessors (for example: not eligible for auto-proxying)
2020-06-06 17:01:25.191  INFO 8780 --- [main] o.s.b.w.embedded.tomcat.TomcatWebServer  : Tomcat initialized with port(s): 8080 (http)
2020-06-06 17:01:25.196  INFO 8780 --- [main] o.apache.catalina.core.StandardService   : Starting service [Tomcat]
2020-06-06 17:01:25.196  INFO 8780 --- [main] org.apache.catalina.core.StandardEngine  : Starting Servlet engine: [Apache Tomcat/9.0.35]
2020-06-06 17:01:25.245  INFO 8780 --- [main] o.a.c.c.C.[Tomcat].[localhost].[/]       : Initializing Spring embedded WebApplicationContext
2020-06-06 17:01:25.246  INFO 8780 --- [main] o.s.web.context.ContextLoader            : Root WebApplicationContext: initialization completed in 1441 ms
2020-06-06 17:01:25.411  INFO 8780 --- [main] com.zaxxer.hikari.HikariDataSource       : HikariPool-1 - Starting...
2020-06-06 17:01:25.484  INFO 8780 --- [main] com.zaxxer.hikari.HikariDataSource       : HikariPool-1 - Start completed.
2020-06-06 17:01:25.489  INFO 8780 --- [main] o.s.b.a.h2.H2ConsoleAutoConfiguration    : H2 console available at '/h2-console'. Database available at 'jdbc:h2:mem:testdb'
2020-06-06 17:01:25.625  INFO 8780 --- [main] o.hibernate.jpa.internal.util.LogHelper  : HHH000204: Processing PersistenceUnitInfo [name: default]
2020-06-06 17:01:25.652  INFO 8780 --- [main] org.hibernate.Version                    : HHH000412: Hibernate ORM core version 5.4.15.Final
2020-06-06 17:01:25.725  INFO 8780 --- [main] o.hibernate.annotations.common.Version   : HCANN000001: Hibernate Commons Annotations {5.1.0.Final}
2020-06-06 17:01:25.793  INFO 8780 --- [main] org.hibernate.dialect.Dialect            : HHH000400: Using dialect: org.hibernate.dialect.H2Dialect
2020-06-06 17:01:26.288  INFO 8780 --- [main] o.h.e.t.j.p.i.JtaPlatformInitiator       : HHH000490: Using JtaPlatform implementation: [org.hibernate.engine.transaction.jta.platform.internal.NoJtaPlatform]
2020-06-06 17:01:26.293  INFO 8780 --- [main] j.LocalContainerEntityManagerFactoryBean : Initialized JPA EntityManagerFactory for persistence unit 'default'
2020-06-06 17:01:26.362  WARN 8780 --- [main] JpaBaseConfiguration$JpaWebConfiguration : spring.jpa.open-in-view is enabled by default. Therefore, database queries may be performed during view rendering. Explicitly configure spring.jpa.open-in-view to disable this warning
2020-06-06 17:01:26.914  INFO 8780 --- [main] o.s.b.a.e.web.EndpointLinksResolver      : Exposing 2 endpoint(s) beneath base path '/actuator'
2020-06-06 17:01:27.007  INFO 8780 --- [main] o.s.s.web.DefaultSecurityFilterChain     : Creating filter chain: Ant [pattern='/swagger-resources/**'], []
2020-06-06 17:01:27.007  INFO 8780 --- [main] o.s.s.web.DefaultSecurityFilterChain     : Creating filter chain: Ant [pattern='/swagger-ui.html'], []
2020-06-06 17:01:27.007  INFO 8780 --- [main] o.s.s.web.DefaultSecurityFilterChain     : Creating filter chain: Ant [pattern='/v2/api-docs'], []
2020-06-06 17:01:27.007  INFO 8780 --- [main] o.s.s.web.DefaultSecurityFilterChain     : Creating filter chain: Ant [pattern='/webjars/**'], []
2020-06-06 17:01:27.033  INFO 8780 --- [main] o.s.s.web.DefaultSecurityFilterChain     : Creating filter chain: any request, [org.springframework.security.web.context.request.async.WebAsyncManagerIntegrationFilter@44a44a04, org.springframework.security.web.context.SecurityContextPersistenceFilter@52d59507, org.springframework.security.web.header.HeaderWriterFilter@39ead1b7, org.springframework.security.web.authentication.logout.LogoutFilter@646d58cd, com.miro.userstory.security.services.JwtTokenFilter@5a63fa71, org.springframework.security.web.savedrequest.RequestCacheAwareFilter@3265995e, org.springframework.security.web.servletapi.SecurityContextHolderAwareRequestFilter@50b38342, org.springframework.security.web.authentication.AnonymousAuthenticationFilter@a6fc1bc, org.springframework.security.web.session.SessionManagementFilter@55e5415d, org.springframework.security.web.access.ExceptionTranslationFilter@38b54694, org.springframework.security.web.access.intercept.FilterSecurityInterceptor@cfb94fd]
2020-06-06 17:01:27.051  INFO 8780 --- [main] pertySourcedRequestMappingHandlerMapping : Mapped URL path [/v2/api-docs] onto method [springfox.documentation.swagger2.web.Swagger2Controller#getDocumentation(String, HttpServletRequest)]
2020-06-06 17:01:27.065  INFO 8780 --- [main] o.s.s.concurrent.ThreadPoolTaskExecutor  : Initializing ExecutorService
2020-06-06 17:01:27.066  INFO 8780 --- [main] o.s.s.concurrent.ThreadPoolTaskExecutor  : Initializing ExecutorService 'importExecutor'
2020-06-06 17:01:27.510  INFO 8780 --- [main] o.s.b.w.embedded.tomcat.TomcatWebServer  : Tomcat started on port(s): 8080 (http) with context path ''
2020-06-06 17:01:27.511  INFO 8780 --- [main] d.s.w.p.DocumentationPluginsBootstrapper : Context refreshed
2020-06-06 17:01:27.520  INFO 8780 --- [main] d.s.w.p.DocumentationPluginsBootstrapper : Found 1 custom documentation plugin(s)
2020-06-06 17:01:27.550  INFO 8780 --- [main] s.d.s.w.s.ApiListingReferenceScanner     : Scanning for api listing references
2020-06-06 17:01:27.675  INFO 8780 --- [main] .d.s.w.r.o.CachingOperationNameGenerator : Generating unique operation named: handleUsingGET_1
2020-06-06 17:01:27.676  INFO 8780 --- [main] .d.s.w.r.o.CachingOperationNameGenerator : Generating unique operation named: handleUsingGET_2
2020-06-06 17:01:27.694  INFO 8780 --- [main] DeferredRepositoryInitializationListener : Triggering deferred initialization of Spring Data repositories…
2020-06-06 17:01:27.897  INFO 8780 --- [main] DeferredRepositoryInitializationListener : Spring Data repositories initialized!
2020-06-06 17:01:27.907  INFO 8780 --- [main] c.m.f.FlightAdvisorServiceApplication    : Started FlightAdvisorServiceApplication in 4.441 seconds (JVM running for 4.984)
2020-06-06 17:01:28.371  INFO 8780 --- [RMI TCP Connection(1)-127.0.0.1] o.a.c.c.C.[Tomcat].[localhost].[/]       : Initializing Spring DispatcherServlet 'dispatcherServlet'
2020-06-06 17:01:28.371  INFO 8780 --- [RMI TCP Connection(1)-127.0.0.1] o.s.web.servlet.DispatcherServlet        : Initializing Servlet 'dispatcherServlet'
2020-06-06 17:01:28.378  INFO 8780 --- [RMI TCP Connection(1)-127.0.0.1] o.s.web.servlet.DispatcherServlet        : Completed initialization in 7 ms
2020-06-06 17:01:35.944  INFO 8780 --- [http-nio-8080-exec-1] c.m.f.security.services.JwtTokenFilter   : Process request to check for a JSON Web Token 
2020-06-06 17:01:36.007  INFO 8780 --- [http-nio-8080-exec-1] c.m.f.security.services.UserService      : New user attempting to sign in
2020-06-06 17:01:46.849  INFO 8780 --- [http-nio-8080-exec-3] c.m.f.security.services.JwtTokenFilter   : Process request to check for a JSON Web Token 
2020-06-06 17:01:46.854  INFO 8780 --- [http-nio-8080-exec-3] c.m.f.security.services.UserService      : New user attempting to sign in
2020-06-06 17:01:57.771  INFO 8780 --- [http-nio-8080-exec-4] c.m.f.security.services.JwtTokenFilter   : Process request to check for a JSON Web Token 
2020-06-06 17:04:13.694  INFO 8780 --- [http-nio-8080-exec-7] c.m.f.security.services.JwtTokenFilter   : Process request to check for a JSON Web Token 
2020-06-06 17:05:00.926  INFO 8780 --- [http-nio-8080-exec-8] c.m.f.security.services.JwtTokenFilter   : Process request to check for a JSON Web Token 
2020-06-06 17:05:00.931  WARN 8780 --- [http-nio-8080-exec-8] o.s.web.servlet.PageNotFound             : Request method 'GET' not supported
2020-06-06 17:07:34.174  INFO 8780 --- [SpringContextShutdownHook] o.s.s.concurrent.ThreadPoolTaskExecutor  : Shutting down ExecutorService 'importExecutor'
2020-06-06 17:07:34.177  INFO 8780 --- [SpringContextShutdownHook] j.LocalContainerEntityManagerFactoryBean : Closing JPA EntityManagerFactory for persistence unit 'default'
2020-06-06 17:07:34.178  INFO 8780 --- [SpringContextShutdownHook] .SchemaDropperImpl$DelayedDropActionImpl : HHH000477: Starting delayed evictData of schema as part of SessionFactory shut-down'
2020-06-06 17:07:34.184  INFO 8780 --- [SpringContextShutdownHook] com.zaxxer.hikari.HikariDataSource       : HikariPool-1 - Shutdown initiated...
2020-06-06 17:07:34.186  INFO 8780 --- [SpringContextShutdownHook] com.zaxxer.hikari.HikariDataSource       : HikariPool-1 - Shutdown completed.
2020-06-06 17:07:50.898  INFO 9889 --- [main] c.m.f.FlightAdvisorServiceApplication    : Starting FlightAdvisorServiceApplication on ubuntu with PID 9889 (/home/miro/IdeaProjects/flight-advisor/target/classes started by miro in /home/miro/IdeaProjects/flight-advisor)
2020-06-06 17:07:50.900 DEBUG 9889 --- [main] c.m.f.FlightAdvisorServiceApplication    : Running with Spring Boot v2.3.0.RELEASE, Spring v5.2.6.RELEASE
2020-06-06 17:07:50.901  INFO 9889 --- [main] c.m.f.FlightAdvisorServiceApplication    : No active profile set, falling back to default profiles: default
2020-06-06 17:07:51.946  INFO 9889 --- [main] .s.d.r.c.RepositoryConfigurationDelegate : Bootstrapping Spring Data JPA repositories in DEFERRED mode.
2020-06-06 17:07:52.002  INFO 9889 --- [main] .s.d.r.c.RepositoryConfigurationDelegate : Finished Spring Data repository scanning in 50ms. Found 6 JPA repository interfaces.
2020-06-06 17:07:52.239  INFO 9889 --- [main] trationDelegate$BeanPostProcessorChecker : Bean 'org.springframework.security.access.expression.method.DefaultMethodSecurityExpressionHandler@58ff8d79' of type [org.springframework.security.access.expression.method.DefaultMethodSecurityExpressionHandler] is not eligible for getting processed by all BeanPostProcessors (for example: not eligible for auto-proxying)
2020-06-06 17:07:52.242  INFO 9889 --- [main] trationDelegate$BeanPostProcessorChecker : Bean 'methodSecurityMetadataSource' of type [org.springframework.security.access.method.DelegatingMethodSecurityMetadataSource] is not eligible for getting processed by all BeanPostProcessors (for example: not eligible for auto-proxying)
2020-06-06 17:07:52.409  INFO 9889 --- [main] o.s.b.w.embedded.tomcat.TomcatWebServer  : Tomcat initialized with port(s): 8080 (http)
2020-06-06 17:07:52.414  INFO 9889 --- [main] o.apache.catalina.core.StandardService   : Starting service [Tomcat]
2020-06-06 17:07:52.414  INFO 9889 --- [main] org.apache.catalina.core.StandardEngine  : Starting Servlet engine: [Apache Tomcat/9.0.35]
2020-06-06 17:07:52.477  INFO 9889 --- [main] o.a.c.c.C.[Tomcat].[localhost].[/]       : Initializing Spring embedded WebApplicationContext
2020-06-06 17:07:52.477  INFO 9889 --- [main] o.s.web.context.ContextLoader            : Root WebApplicationContext: initialization completed in 1531 ms
2020-06-06 17:07:52.640  INFO 9889 --- [main] com.zaxxer.hikari.HikariDataSource       : HikariPool-1 - Starting...
2020-06-06 17:07:52.712  INFO 9889 --- [main] com.zaxxer.hikari.HikariDataSource       : HikariPool-1 - Start completed.
2020-06-06 17:07:52.716  INFO 9889 --- [main] o.s.b.a.h2.H2ConsoleAutoConfiguration    : H2 console available at '/h2-console'. Database available at 'jdbc:h2:mem:testdb'
2020-06-06 17:07:52.846  INFO 9889 --- [main] o.hibernate.jpa.internal.util.LogHelper  : HHH000204: Processing PersistenceUnitInfo [name: default]
2020-06-06 17:07:52.872  INFO 9889 --- [main] org.hibernate.Version                    : HHH000412: Hibernate ORM core version 5.4.15.Final
2020-06-06 17:07:52.940  INFO 9889 --- [main] o.hibernate.annotations.common.Version   : HCANN000001: Hibernate Commons Annotations {5.1.0.Final}
2020-06-06 17:07:53.003  INFO 9889 --- [main] org.hibernate.dialect.Dialect            : HHH000400: Using dialect: org.hibernate.dialect.H2Dialect
2020-06-06 17:07:53.502  INFO 9889 --- [main] o.h.e.t.j.p.i.JtaPlatformInitiator       : HHH000490: Using JtaPlatform implementation: [org.hibernate.engine.transaction.jta.platform.internal.NoJtaPlatform]
2020-06-06 17:07:53.508  INFO 9889 --- [main] j.LocalContainerEntityManagerFactoryBean : Initialized JPA EntityManagerFactory for persistence unit 'default'
2020-06-06 17:07:53.578  WARN 9889 --- [main] JpaBaseConfiguration$JpaWebConfiguration : spring.jpa.open-in-view is enabled by default. Therefore, database queries may be performed during view rendering. Explicitly configure spring.jpa.open-in-view to disable this warning
2020-06-06 17:07:54.134  INFO 9889 --- [main] o.s.b.a.e.web.EndpointLinksResolver      : Exposing 2 endpoint(s) beneath base path '/actuator'
2020-06-06 17:07:54.233  INFO 9889 --- [main] o.s.s.web.DefaultSecurityFilterChain     : Creating filter chain: Ant [pattern='/swagger-resources/**'], []
2020-06-06 17:07:54.234  INFO 9889 --- [main] o.s.s.web.DefaultSecurityFilterChain     : Creating filter chain: Ant [pattern='/swagger-ui.html'], []
2020-06-06 17:07:54.234  INFO 9889 --- [main] o.s.s.web.DefaultSecurityFilterChain     : Creating filter chain: Ant [pattern='/v2/api-docs'], []
2020-06-06 17:07:54.234  INFO 9889 --- [main] o.s.s.web.DefaultSecurityFilterChain     : Creating filter chain: Ant [pattern='/webjars/**'], []
2020-06-06 17:07:54.263  INFO 9889 --- [main] o.s.s.web.DefaultSecurityFilterChain     : Creating filter chain: any request, [org.springframework.security.web.context.request.async.WebAsyncManagerIntegrationFilter@56da8847, org.springframework.security.web.context.SecurityContextPersistenceFilter@5a8b42a3, org.springframework.security.web.header.HeaderWriterFilter@146833a2, org.springframework.security.web.authentication.logout.LogoutFilter@4b7e4d14, com.miro.userstory.security.services.JwtTokenFilter@7323c38c, org.springframework.security.web.savedrequest.RequestCacheAwareFilter@44106e25, org.springframework.security.web.servletapi.SecurityContextHolderAwareRequestFilter@646d58cd, org.springframework.security.web.authentication.AnonymousAuthenticationFilter@2c02a007, org.springframework.security.web.session.SessionManagementFilter@6fa7ce4, org.springframework.security.web.access.ExceptionTranslationFilter@2ed7978c, org.springframework.security.web.access.intercept.FilterSecurityInterceptor@50e1f3fc]
2020-06-06 17:07:54.282  INFO 9889 --- [main] pertySourcedRequestMappingHandlerMapping : Mapped URL path [/v2/api-docs] onto method [springfox.documentation.swagger2.web.Swagger2Controller#getDocumentation(String, HttpServletRequest)]
2020-06-06 17:07:54.298  INFO 9889 --- [main] o.s.s.concurrent.ThreadPoolTaskExecutor  : Initializing ExecutorService
2020-06-06 17:07:54.299  INFO 9889 --- [main] o.s.s.concurrent.ThreadPoolTaskExecutor  : Initializing ExecutorService 'importExecutor'
2020-06-06 17:07:54.748  INFO 9889 --- [main] o.s.b.w.embedded.tomcat.TomcatWebServer  : Tomcat started on port(s): 8080 (http) with context path ''
2020-06-06 17:07:54.749  INFO 9889 --- [main] d.s.w.p.DocumentationPluginsBootstrapper : Context refreshed
2020-06-06 17:07:54.758  INFO 9889 --- [main] d.s.w.p.DocumentationPluginsBootstrapper : Found 1 custom documentation plugin(s)
2020-06-06 17:07:54.788  INFO 9889 --- [main] s.d.s.w.s.ApiListingReferenceScanner     : Scanning for api listing references
2020-06-06 17:07:54.915  INFO 9889 --- [main] .d.s.w.r.o.CachingOperationNameGenerator : Generating unique operation named: handleUsingGET_1
2020-06-06 17:07:54.916  INFO 9889 --- [main] .d.s.w.r.o.CachingOperationNameGenerator : Generating unique operation named: handleUsingGET_2
2020-06-06 17:07:54.934  INFO 9889 --- [main] DeferredRepositoryInitializationListener : Triggering deferred initialization of Spring Data repositories…
2020-06-06 17:07:55.138  INFO 9889 --- [main] DeferredRepositoryInitializationListener : Spring Data repositories initialized!
2020-06-06 17:07:55.148  INFO 9889 --- [main] c.m.f.FlightAdvisorServiceApplication    : Started FlightAdvisorServiceApplication in 4.52 seconds (JVM running for 5.015)
2020-06-06 17:07:55.606  INFO 9889 --- [RMI TCP Connection(2)-127.0.0.1] o.a.c.c.C.[Tomcat].[localhost].[/]       : Initializing Spring DispatcherServlet 'dispatcherServlet'
2020-06-06 17:07:55.607  INFO 9889 --- [RMI TCP Connection(2)-127.0.0.1] o.s.web.servlet.DispatcherServlet        : Initializing Servlet 'dispatcherServlet'
2020-06-06 17:07:55.616  INFO 9889 --- [RMI TCP Connection(2)-127.0.0.1] o.s.web.servlet.DispatcherServlet        : Completed initialization in 9 ms
2020-06-06 17:07:59.584  INFO 9889 --- [http-nio-8080-exec-1] c.m.f.security.services.JwtTokenFilter   : Process request to check for a JSON Web Token 
2020-06-06 17:08:03.321  INFO 9889 --- [http-nio-8080-exec-3] c.m.f.security.services.JwtTokenFilter   : Process request to check for a JSON Web Token 
2020-06-06 17:08:08.851  INFO 9889 --- [http-nio-8080-exec-4] c.m.f.security.services.JwtTokenFilter   : Process request to check for a JSON Web Token 
2020-06-06 17:11:40.413  INFO 9889 --- [SpringContextShutdownHook] o.s.s.concurrent.ThreadPoolTaskExecutor  : Shutting down ExecutorService 'importExecutor'
2020-06-06 17:11:40.417  INFO 9889 --- [SpringContextShutdownHook] j.LocalContainerEntityManagerFactoryBean : Closing JPA EntityManagerFactory for persistence unit 'default'
2020-06-06 17:11:40.417  INFO 9889 --- [SpringContextShutdownHook] .SchemaDropperImpl$DelayedDropActionImpl : HHH000477: Starting delayed evictData of schema as part of SessionFactory shut-down'
2020-06-06 17:11:40.424  INFO 9889 --- [SpringContextShutdownHook] com.zaxxer.hikari.HikariDataSource       : HikariPool-1 - Shutdown initiated...
2020-06-06 17:11:40.426  INFO 9889 --- [SpringContextShutdownHook] com.zaxxer.hikari.HikariDataSource       : HikariPool-1 - Shutdown completed.
2020-06-06 17:11:44.742  INFO 10700 --- [main] c.m.f.FlightAdvisorServiceApplication    : Starting FlightAdvisorServiceApplication on ubuntu with PID 10700 (/home/miro/IdeaProjects/flight-advisor/target/classes started by miro in /home/miro/IdeaProjects/flight-advisor)
2020-06-06 17:11:44.745 DEBUG 10700 --- [main] c.m.f.FlightAdvisorServiceApplication    : Running with Spring Boot v2.3.0.RELEASE, Spring v5.2.6.RELEASE
2020-06-06 17:11:44.746  INFO 10700 --- [main] c.m.f.FlightAdvisorServiceApplication    : No active profile set, falling back to default profiles: default
2020-06-06 17:11:45.730  INFO 10700 --- [main] .s.d.r.c.RepositoryConfigurationDelegate : Bootstrapping Spring Data JPA repositories in DEFERRED mode.
2020-06-06 17:11:45.782  INFO 10700 --- [main] .s.d.r.c.RepositoryConfigurationDelegate : Finished Spring Data repository scanning in 47ms. Found 6 JPA repository interfaces.
2020-06-06 17:11:45.997  INFO 10700 --- [main] trationDelegate$BeanPostProcessorChecker : Bean 'org.springframework.security.access.expression.method.DefaultMethodSecurityExpressionHandler@36417a54' of type [org.springframework.security.access.expression.method.DefaultMethodSecurityExpressionHandler] is not eligible for getting processed by all BeanPostProcessors (for example: not eligible for auto-proxying)
2020-06-06 17:11:46.001  INFO 10700 --- [main] trationDelegate$BeanPostProcessorChecker : Bean 'methodSecurityMetadataSource' of type [org.springframework.security.access.method.DelegatingMethodSecurityMetadataSource] is not eligible for getting processed by all BeanPostProcessors (for example: not eligible for auto-proxying)
2020-06-06 17:11:46.162  INFO 10700 --- [main] o.s.b.w.embedded.tomcat.TomcatWebServer  : Tomcat initialized with port(s): 8080 (http)
2020-06-06 17:11:46.168  INFO 10700 --- [main] o.apache.catalina.core.StandardService   : Starting service [Tomcat]
2020-06-06 17:11:46.168  INFO 10700 --- [main] org.apache.catalina.core.StandardEngine  : Starting Servlet engine: [Apache Tomcat/9.0.35]
2020-06-06 17:11:46.220  INFO 10700 --- [main] o.a.c.c.C.[Tomcat].[localhost].[/]       : Initializing Spring embedded WebApplicationContext
2020-06-06 17:11:46.220  INFO 10700 --- [main] o.s.web.context.ContextLoader            : Root WebApplicationContext: initialization completed in 1428 ms
2020-06-06 17:11:46.378  INFO 10700 --- [main] com.zaxxer.hikari.HikariDataSource       : HikariPool-1 - Starting...
2020-06-06 17:11:46.445  INFO 10700 --- [main] com.zaxxer.hikari.HikariDataSource       : HikariPool-1 - Start completed.
2020-06-06 17:11:46.449  INFO 10700 --- [main] o.s.b.a.h2.H2ConsoleAutoConfiguration    : H2 console available at '/h2-console'. Database available at 'jdbc:h2:mem:testdb'
2020-06-06 17:11:46.567  INFO 10700 --- [main] o.hibernate.jpa.internal.util.LogHelper  : HHH000204: Processing PersistenceUnitInfo [name: default]
2020-06-06 17:11:46.593  INFO 10700 --- [main] org.hibernate.Version                    : HHH000412: Hibernate ORM core version 5.4.15.Final
2020-06-06 17:11:46.658  INFO 10700 --- [main] o.hibernate.annotations.common.Version   : HCANN000001: Hibernate Commons Annotations {5.1.0.Final}
2020-06-06 17:11:46.716  INFO 10700 --- [main] org.hibernate.dialect.Dialect            : HHH000400: Using dialect: org.hibernate.dialect.H2Dialect
2020-06-06 17:11:47.222  INFO 10700 --- [main] o.h.e.t.j.p.i.JtaPlatformInitiator       : HHH000490: Using JtaPlatform implementation: [org.hibernate.engine.transaction.jta.platform.internal.NoJtaPlatform]
2020-06-06 17:11:47.227  INFO 10700 --- [main] j.LocalContainerEntityManagerFactoryBean : Initialized JPA EntityManagerFactory for persistence unit 'default'
2020-06-06 17:11:47.296  WARN 10700 --- [main] JpaBaseConfiguration$JpaWebConfiguration : spring.jpa.open-in-view is enabled by default. Therefore, database queries may be performed during view rendering. Explicitly configure spring.jpa.open-in-view to disable this warning
2020-06-06 17:11:47.852  INFO 10700 --- [main] o.s.b.a.e.web.EndpointLinksResolver      : Exposing 2 endpoint(s) beneath base path '/actuator'
2020-06-06 17:11:47.941  INFO 10700 --- [main] o.s.s.web.DefaultSecurityFilterChain     : Creating filter chain: Ant [pattern='/swagger-resources/**'], []
2020-06-06 17:11:47.941  INFO 10700 --- [main] o.s.s.web.DefaultSecurityFilterChain     : Creating filter chain: Ant [pattern='/swagger-ui.html'], []
2020-06-06 17:11:47.942  INFO 10700 --- [main] o.s.s.web.DefaultSecurityFilterChain     : Creating filter chain: Ant [pattern='/v2/api-docs'], []
2020-06-06 17:11:47.942  INFO 10700 --- [main] o.s.s.web.DefaultSecurityFilterChain     : Creating filter chain: Ant [pattern='/webjars/**'], []
2020-06-06 17:11:47.966  INFO 10700 --- [main] o.s.s.web.DefaultSecurityFilterChain     : Creating filter chain: any request, [org.springframework.security.web.context.request.async.WebAsyncManagerIntegrationFilter@48da64f2, org.springframework.security.web.context.SecurityContextPersistenceFilter@196d684b, org.springframework.security.web.header.HeaderWriterFilter@627d35ff, org.springframework.security.web.authentication.logout.LogoutFilter@52d59507, com.miro.userstory.security.services.JwtTokenFilter@60b553f, org.springframework.security.web.savedrequest.RequestCacheAwareFilter@1f3f434, org.springframework.security.web.servletapi.SecurityContextHolderAwareRequestFilter@96be1ae, org.springframework.security.web.authentication.AnonymousAuthenticationFilter@2aa811f9, org.springframework.security.web.session.SessionManagementFilter@1cab19e2, org.springframework.security.web.access.ExceptionTranslationFilter@27dc81be, org.springframework.security.web.access.intercept.FilterSecurityInterceptor@1d5bb5c]
2020-06-06 17:11:47.983  INFO 10700 --- [main] pertySourcedRequestMappingHandlerMapping : Mapped URL path [/v2/api-docs] onto method [springfox.documentation.swagger2.web.Swagger2Controller#getDocumentation(String, HttpServletRequest)]
2020-06-06 17:11:47.997  INFO 10700 --- [main] o.s.s.concurrent.ThreadPoolTaskExecutor  : Initializing ExecutorService
2020-06-06 17:11:47.998  INFO 10700 --- [main] o.s.s.concurrent.ThreadPoolTaskExecutor  : Initializing ExecutorService 'importExecutor'
2020-06-06 17:11:48.495  INFO 10700 --- [main] o.s.b.w.embedded.tomcat.TomcatWebServer  : Tomcat started on port(s): 8080 (http) with context path ''
2020-06-06 17:11:48.496  INFO 10700 --- [main] d.s.w.p.DocumentationPluginsBootstrapper : Context refreshed
2020-06-06 17:11:48.505  INFO 10700 --- [main] d.s.w.p.DocumentationPluginsBootstrapper : Found 1 custom documentation plugin(s)
2020-06-06 17:11:48.536  INFO 10700 --- [main] s.d.s.w.s.ApiListingReferenceScanner     : Scanning for api listing references
2020-06-06 17:11:48.666  INFO 10700 --- [main] .d.s.w.r.o.CachingOperationNameGenerator : Generating unique operation named: handleUsingGET_1
2020-06-06 17:11:48.668  INFO 10700 --- [main] .d.s.w.r.o.CachingOperationNameGenerator : Generating unique operation named: handleUsingGET_2
2020-06-06 17:11:48.685  INFO 10700 --- [main] DeferredRepositoryInitializationListener : Triggering deferred initialization of Spring Data repositories…
2020-06-06 17:11:48.885  INFO 10700 --- [main] DeferredRepositoryInitializationListener : Spring Data repositories initialized!
2020-06-06 17:11:48.894  INFO 10700 --- [main] c.m.f.FlightAdvisorServiceApplication    : Started FlightAdvisorServiceApplication in 4.486 seconds (JVM running for 5.113)
2020-06-06 17:11:49.314  INFO 10700 --- [RMI TCP Connection(2)-127.0.0.1] o.a.c.c.C.[Tomcat].[localhost].[/]       : Initializing Spring DispatcherServlet 'dispatcherServlet'
2020-06-06 17:11:49.314  INFO 10700 --- [RMI TCP Connection(2)-127.0.0.1] o.s.web.servlet.DispatcherServlet        : Initializing Servlet 'dispatcherServlet'
2020-06-06 17:11:49.322  INFO 10700 --- [RMI TCP Connection(2)-127.0.0.1] o.s.web.servlet.DispatcherServlet        : Completed initialization in 7 ms
2020-06-06 17:11:53.632  INFO 10700 --- [http-nio-8080-exec-2] c.m.f.security.services.JwtTokenFilter   : Process request to check for a JSON Web Token 
2020-06-06 17:11:53.694  INFO 10700 --- [http-nio-8080-exec-2] c.m.f.security.services.JwtTokenFilter   : Process request to check for a JSON Web Token 
2020-06-06 17:12:00.861  INFO 10700 --- [http-nio-8080-exec-3] c.m.f.security.services.JwtTokenFilter   : Process request to check for a JSON Web Token 
2020-06-06 17:12:00.904  INFO 10700 --- [http-nio-8080-exec-3] c.m.f.security.services.UserService      : New user attempting to sign in
2020-06-06 17:12:08.866  INFO 10700 --- [http-nio-8080-exec-4] c.m.f.security.services.JwtTokenFilter   : Process request to check for a JSON Web Token 
2020-06-06 17:12:08.872  INFO 10700 --- [http-nio-8080-exec-4] c.m.f.security.services.UserService      : New user attempting to sign in
2020-06-06 17:12:12.680  INFO 10700 --- [http-nio-8080-exec-5] c.m.f.security.services.JwtTokenFilter   : Process request to check for a JSON Web Token 
2020-06-06 17:12:12.683  INFO 10700 --- [http-nio-8080-exec-5] c.m.f.security.services.UserService      : New user attempting to sign in
2020-06-06 17:12:24.305  INFO 10700 --- [http-nio-8080-exec-6] c.m.f.security.services.JwtTokenFilter   : Process request to check for a JSON Web Token 
2020-06-06 17:12:24.308  INFO 10700 --- [http-nio-8080-exec-6] c.m.f.security.services.JwtTokenFilter   : Process request to check for a JSON Web Token 
2020-06-06 17:12:31.628  INFO 10700 --- [http-nio-8080-exec-7] c.m.f.security.services.JwtTokenFilter   : Process request to check for a JSON Web Token 
2020-06-06 17:13:56.308  INFO 10700 --- [http-nio-8080-exec-10] c.m.f.security.services.JwtTokenFilter   : Process request to check for a JSON Web Token 
2020-06-06 17:13:56.310  INFO 10700 --- [http-nio-8080-exec-10] c.m.f.security.services.JwtTokenFilter   : Process request to check for a JSON Web Token 
2020-06-06 17:14:05.061  INFO 10700 --- [http-nio-8080-exec-1] c.m.f.security.services.JwtTokenFilter   : Process request to check for a JSON Web Token 
2020-06-06 17:14:05.062  INFO 10700 --- [http-nio-8080-exec-1] c.m.f.security.services.JwtTokenFilter   : Process request to check for a JSON Web Token 
2020-06-06 17:14:19.555  INFO 10700 --- [http-nio-8080-exec-2] c.m.f.security.services.JwtTokenFilter   : Process request to check for a JSON Web Token 
2020-06-06 17:14:19.562  INFO 10700 --- [http-nio-8080-exec-2] c.m.f.security.services.JwtTokenFilter   : Process request to check for a JSON Web Token 
2020-06-06 17:14:32.420  INFO 10700 --- [http-nio-8080-exec-3] c.m.f.security.services.JwtTokenFilter   : Process request to check for a JSON Web Token 
2021-10-24 15:41:24.537  INFO 7218 --- [main] com.miro.userstory.UserStoryApplication  : Starting UserStoryApplication on ubuntu with PID 7218 (/home/miro/IdeaProjects/user-story/target/classes started by miro in /home/miro/IdeaProjects/user-story)
2021-10-24 15:41:24.539 DEBUG 7218 --- [main] com.miro.userstory.UserStoryApplication  : Running with Spring Boot v2.3.0.RELEASE, Spring v5.2.6.RELEASE
2021-10-24 15:41:24.540  INFO 7218 --- [main] com.miro.userstory.UserStoryApplication  : No active profile set, falling back to default profiles: default
2021-10-24 15:41:25.412  INFO 7218 --- [main] .s.d.r.c.RepositoryConfigurationDelegate : Bootstrapping Spring Data JPA repositories in DEFERRED mode.
2021-10-24 15:41:25.461  INFO 7218 --- [main] .s.d.r.c.RepositoryConfigurationDelegate : Finished Spring Data repository scanning in 44ms. Found 6 JPA repository interfaces.
2021-10-24 15:41:25.663  INFO 7218 --- [main] trationDelegate$BeanPostProcessorChecker : Bean 'org.springframework.security.access.expression.method.DefaultMethodSecurityExpressionHandler@68b7d0ef' of type [org.springframework.security.access.expression.method.DefaultMethodSecurityExpressionHandler] is not eligible for getting processed by all BeanPostProcessors (for example: not eligible for auto-proxying)
2021-10-24 15:41:25.667  INFO 7218 --- [main] trationDelegate$BeanPostProcessorChecker : Bean 'methodSecurityMetadataSource' of type [org.springframework.security.access.method.DelegatingMethodSecurityMetadataSource] is not eligible for getting processed by all BeanPostProcessors (for example: not eligible for auto-proxying)
2021-10-24 15:41:25.843  INFO 7218 --- [main] o.s.b.w.embedded.tomcat.TomcatWebServer  : Tomcat initialized with port(s): 8080 (http)
2021-10-24 15:41:25.849  INFO 7218 --- [main] o.apache.catalina.core.StandardService   : Starting service [Tomcat]
2021-10-24 15:41:25.849  INFO 7218 --- [main] org.apache.catalina.core.StandardEngine  : Starting Servlet engine: [Apache Tomcat/9.0.35]
2021-10-24 15:41:25.925  INFO 7218 --- [main] o.a.c.c.C.[Tomcat].[localhost].[/]       : Initializing Spring embedded WebApplicationContext
2021-10-24 15:41:25.925  INFO 7218 --- [main] o.s.web.context.ContextLoader            : Root WebApplicationContext: initialization completed in 1335 ms
2021-10-24 15:41:26.037  INFO 7218 --- [main] com.zaxxer.hikari.HikariDataSource       : HikariPool-1 - Starting...
2021-10-24 15:41:26.091  INFO 7218 --- [main] com.zaxxer.hikari.HikariDataSource       : HikariPool-1 - Start completed.
2021-10-24 15:41:26.094  INFO 7218 --- [main] o.s.b.a.h2.H2ConsoleAutoConfiguration    : H2 console available at '/h2-console'. Database available at 'jdbc:h2:mem:testdb'
2021-10-24 15:41:26.243  INFO 7218 --- [main] o.hibernate.jpa.internal.util.LogHelper  : HHH000204: Processing PersistenceUnitInfo [name: default]
2021-10-24 15:41:26.267  INFO 7218 --- [main] org.hibernate.Version                    : HHH000412: Hibernate ORM core version 5.4.15.Final
2021-10-24 15:41:26.319  INFO 7218 --- [main] o.hibernate.annotations.common.Version   : HCANN000001: Hibernate Commons Annotations {5.1.0.Final}
2021-10-24 15:41:26.367  INFO 7218 --- [main] org.hibernate.dialect.Dialect            : HHH000400: Using dialect: org.hibernate.dialect.H2Dialect
2021-10-24 15:41:26.760  INFO 7218 --- [main] o.h.e.t.j.p.i.JtaPlatformInitiator       : HHH000490: Using JtaPlatform implementation: [org.hibernate.engine.transaction.jta.platform.internal.NoJtaPlatform]
2021-10-24 15:41:26.763  INFO 7218 --- [main] j.LocalContainerEntityManagerFactoryBean : Initialized JPA EntityManagerFactory for persistence unit 'default'
2021-10-24 15:41:26.841  WARN 7218 --- [main] JpaBaseConfiguration$JpaWebConfiguration : spring.jpa.open-in-view is enabled by default. Therefore, database queries may be performed during view rendering. Explicitly configure spring.jpa.open-in-view to disable this warning
2021-10-24 15:41:27.318  INFO 7218 --- [main] o.s.b.a.e.web.EndpointLinksResolver      : Exposing 2 endpoint(s) beneath base path '/actuator'
2021-10-24 15:41:27.415  INFO 7218 --- [main] o.s.s.web.DefaultSecurityFilterChain     : Creating filter chain: Ant [pattern='/swagger-resources/**'], []
2021-10-24 15:41:27.415  INFO 7218 --- [main] o.s.s.web.DefaultSecurityFilterChain     : Creating filter chain: Ant [pattern='/swagger-ui.html'], []
2021-10-24 15:41:27.415  INFO 7218 --- [main] o.s.s.web.DefaultSecurityFilterChain     : Creating filter chain: Ant [pattern='/v2/api-docs'], []
2021-10-24 15:41:27.416  INFO 7218 --- [main] o.s.s.web.DefaultSecurityFilterChain     : Creating filter chain: Ant [pattern='/webjars/**'], []
2021-10-24 15:41:27.438  INFO 7218 --- [main] o.s.s.web.DefaultSecurityFilterChain     : Creating filter chain: any request, [org.springframework.security.web.context.request.async.WebAsyncManagerIntegrationFilter@d15f031, org.springframework.security.web.context.SecurityContextPersistenceFilter@22e650e, org.springframework.security.web.header.HeaderWriterFilter@2db75e32, org.springframework.security.web.authentication.logout.LogoutFilter@12e13abd, com.miro.userstory.security.services.JwtTokenFilter@45dfb6a4, org.springframework.security.web.savedrequest.RequestCacheAwareFilter@376bae20, org.springframework.security.web.servletapi.SecurityContextHolderAwareRequestFilter@5de6c7d7, org.springframework.security.web.authentication.AnonymousAuthenticationFilter@202ba60a, org.springframework.security.web.session.SessionManagementFilter@15324f25, org.springframework.security.web.access.ExceptionTranslationFilter@44cab872, org.springframework.security.web.access.intercept.FilterSecurityInterceptor@5f1dadf4]
2021-10-24 15:41:27.457  INFO 7218 --- [main] pertySourcedRequestMappingHandlerMapping : Mapped URL path [/v2/api-docs] onto method [springfox.documentation.swagger2.web.Swagger2Controller#getDocumentation(String, HttpServletRequest)]
2021-10-24 15:41:27.473  INFO 7218 --- [main] o.s.s.concurrent.ThreadPoolTaskExecutor  : Initializing ExecutorService
2021-10-24 15:41:27.474  INFO 7218 --- [main] o.s.s.concurrent.ThreadPoolTaskExecutor  : Initializing ExecutorService 'importExecutor'
2021-10-24 15:41:27.817  INFO 7218 --- [main] o.s.b.w.embedded.tomcat.TomcatWebServer  : Tomcat started on port(s): 8080 (http) with context path ''
2021-10-24 15:41:27.818  INFO 7218 --- [main] d.s.w.p.DocumentationPluginsBootstrapper : Context refreshed
2021-10-24 15:41:27.825  INFO 7218 --- [main] d.s.w.p.DocumentationPluginsBootstrapper : Found 1 custom documentation plugin(s)
2021-10-24 15:41:27.850  INFO 7218 --- [main] s.d.s.w.s.ApiListingReferenceScanner     : Scanning for api listing references
2021-10-24 15:41:28.000  INFO 7218 --- [main] .d.s.w.r.o.CachingOperationNameGenerator : Generating unique operation named: handleUsingGET_1
2021-10-24 15:41:28.003  INFO 7218 --- [main] .d.s.w.r.o.CachingOperationNameGenerator : Generating unique operation named: handleUsingGET_2
2021-10-24 15:41:28.023  INFO 7218 --- [main] DeferredRepositoryInitializationListener : Triggering deferred initialization of Spring Data repositories…
2021-10-24 15:41:28.223  INFO 7218 --- [main] DeferredRepositoryInitializationListener : Spring Data repositories initialized!
2021-10-24 15:41:28.235  INFO 7218 --- [main] com.miro.userstory.UserStoryApplication  : Started UserStoryApplication in 3.981 seconds (JVM running for 4.728)
2021-10-24 15:41:28.446  INFO 7218 --- [RMI TCP Connection(2)-127.0.0.1] o.a.c.c.C.[Tomcat].[localhost].[/]       : Initializing Spring DispatcherServlet 'dispatcherServlet'
2021-10-24 15:41:28.447  INFO 7218 --- [RMI TCP Connection(2)-127.0.0.1] o.s.web.servlet.DispatcherServlet        : Initializing Servlet 'dispatcherServlet'
2021-10-24 15:41:28.453  INFO 7218 --- [RMI TCP Connection(2)-127.0.0.1] o.s.web.servlet.DispatcherServlet        : Completed initialization in 6 ms
2021-10-24 15:43:52.530  INFO 7218 --- [http-nio-8080-exec-2] c.m.u.security.services.JwtTokenFilter   : Process request to check for a JSON Web Token 
2021-10-24 15:43:52.546  INFO 7218 --- [http-nio-8080-exec-2] c.m.u.security.services.JwtTokenFilter   : Process request to check for a JSON Web Token 
2021-10-24 15:44:24.657  INFO 7218 --- [http-nio-8080-exec-3] c.m.u.security.services.JwtTokenFilter   : Process request to check for a JSON Web Token 
2021-10-24 15:44:24.659  INFO 7218 --- [http-nio-8080-exec-3] c.m.u.security.services.JwtTokenFilter   : Process request to check for a JSON Web Token 
2021-10-24 15:45:28.731  INFO 7218 --- [http-nio-8080-exec-6] c.m.u.security.services.JwtTokenFilter   : Process request to check for a JSON Web Token 
2021-10-24 15:45:28.733  INFO 7218 --- [http-nio-8080-exec-6] c.m.u.security.services.JwtTokenFilter   : Process request to check for a JSON Web Token 
2021-10-24 15:48:22.158  INFO 7218 --- [http-nio-8080-exec-9] c.m.u.security.services.JwtTokenFilter   : Process request to check for a JSON Web Token 
2021-10-24 15:48:22.160  INFO 7218 --- [http-nio-8080-exec-9] c.m.u.security.services.JwtTokenFilter   : Process request to check for a JSON Web Token 
2021-10-24 15:48:24.499  INFO 7218 --- [http-nio-8080-exec-10] c.m.u.security.services.JwtTokenFilter   : Process request to check for a JSON Web Token 
2021-10-24 15:48:24.500  INFO 7218 --- [http-nio-8080-exec-10] c.m.u.security.services.JwtTokenFilter   : Process request to check for a JSON Web Token 
2021-10-24 15:48:30.714  INFO 7218 --- [http-nio-8080-exec-1] c.m.u.security.services.JwtTokenFilter   : Process request to check for a JSON Web Token 
2021-10-24 15:48:30.764  INFO 7218 --- [http-nio-8080-exec-1] c.m.u.security.services.UserService      : New user attempting to sign in
2021-10-24 15:48:36.214  INFO 7218 --- [http-nio-8080-exec-2] c.m.u.security.services.JwtTokenFilter   : Process request to check for a JSON Web Token 
2021-10-24 15:48:36.217  INFO 7218 --- [http-nio-8080-exec-2] c.m.u.security.services.UserService      : New user attempting to sign in
2021-10-24 15:48:48.776  INFO 7218 --- [http-nio-8080-exec-3] c.m.u.security.services.JwtTokenFilter   : Process request to check for a JSON Web Token 
2021-10-24 15:48:48.784  INFO 7218 --- [http-nio-8080-exec-3] c.m.u.security.services.UserService      : New user attempting to sign in
2021-10-24 15:49:16.730  INFO 7218 --- [http-nio-8080-exec-4] c.m.u.security.services.JwtTokenFilter   : Process request to check for a JSON Web Token 
2021-10-24 15:49:16.741  INFO 7218 --- [http-nio-8080-exec-4] c.m.u.security.services.JwtTokenFilter   : Process request to check for a JSON Web Token 
2021-10-24 15:49:27.097  INFO 7218 --- [http-nio-8080-exec-5] c.m.u.security.services.JwtTokenFilter   : Process request to check for a JSON Web Token 
2021-10-24 15:49:32.394  INFO 7218 --- [http-nio-8080-exec-6] c.m.u.security.services.JwtTokenFilter   : Process request to check for a JSON Web Token 
2021-10-24 16:00:31.474  INFO 7218 --- [SpringContextShutdownHook] o.s.s.concurrent.ThreadPoolTaskExecutor  : Shutting down ExecutorService 'importExecutor'
2021-10-24 16:00:31.478  INFO 7218 --- [SpringContextShutdownHook] j.LocalContainerEntityManagerFactoryBean : Closing JPA EntityManagerFactory for persistence unit 'default'
2021-10-24 16:00:31.478  INFO 7218 --- [SpringContextShutdownHook] .SchemaDropperImpl$DelayedDropActionImpl : HHH000477: Starting delayed evictData of schema as part of SessionFactory shut-down'
2021-10-24 16:00:31.484  INFO 7218 --- [SpringContextShutdownHook] com.zaxxer.hikari.HikariDataSource       : HikariPool-1 - Shutdown initiated...
2021-10-24 16:00:31.486  INFO 7218 --- [SpringContextShutdownHook] com.zaxxer.hikari.HikariDataSource       : HikariPool-1 - Shutdown completed.
